<?xml version="1.0" encoding="UTF-8"?>
<testng-results skipped="0" failed="0" ignored="0" total="1" passed="1">
  <reporter-output>
  </reporter-output>
  <suite name="Default suite" duration-ms="11319" started-at="2019-08-06T09:39:29Z" finished-at="2019-08-06T09:39:41Z">
    <groups>
    </groups>
    <test name="Default test" duration-ms="11319" started-at="2019-08-06T09:39:29Z" finished-at="2019-08-06T09:39:41Z">
      <class name="test.TestNG_Demo">
        <test-method status="PASS" signature="setUpTest()[pri:0, instance:test.TestNG_Demo@18be83e4]" name="setUpTest" is-config="true" duration-ms="5527" started-at="2019-08-06T09:39:29Z" finished-at="2019-08-06T09:39:35Z">
          <reporter-output>
          </reporter-output>
        </test-method> <!-- setUpTest -->
        <test-method status="PASS" signature="googlesearch()[pri:0, instance:test.TestNG_Demo@18be83e4]" name="googlesearch" duration-ms="2114" started-at="2019-08-06T09:39:35Z" finished-at="2019-08-06T09:39:37Z">
          <reporter-output>
          </reporter-output>
        </test-method> <!-- googlesearch -->
        <test-method status="PASS" signature="tearDownTest()[pri:0, instance:test.TestNG_Demo@18be83e4]" name="tearDownTest" is-config="true" duration-ms="3660" started-at="2019-08-06T09:39:37Z" finished-at="2019-08-06T09:39:41Z">
          <reporter-output>
          </reporter-output>
        </test-method> <!-- tearDownTest -->
      </class> <!-- test.TestNG_Demo -->
    </test> <!-- Default test -->
  </suite> <!-- Default suite -->
</testng-results>
